<?xml version="1.0" encoding="UTF-8"?>
<testsuite xmlns:xsi="http://www.w3.org/2001/XMLSchema-instance" xsi:noNamespaceSchemaLocation="https://maven.apache.org/surefire/maven-surefire-plugin/xsd/surefire-test-report-3.0.xsd" version="3.0" name="put.io.selenium.atm.AtmCardInfoTest" time="0.041" tests="6" errors="0" skipped="0" failures="0">
  <properties>
    <property name="java.specification.version" value="17"/>
    <property name="sun.cpu.isalist" value="amd64"/>
    <property name="sun.jnu.encoding" value="Cp1250"/>
    <property name="java.class.path" value="C:\dev\Java\Software Engineering Course 2023\Ant\ci-project\Maven\bank-zbozowy-mvn\target\test-classes;C:\dev\Java\Software Engineering Course 2023\Ant\ci-project\Maven\bank-zbozowy-mvn\target\classes;C:\Users\barte\.m2\repository\freemarker\freemarker\2.3.1\freemarker-2.3.1.jar;C:\Users\barte\.m2\repository\javax\servlet\servlet-api\2.5\servlet-api-2.5.jar;C:\Users\barte\.m2\repository\junit\junit\4.12\junit-4.12.jar;C:\Users\barte\.m2\repository\org\hamcrest\hamcrest-core\1.3\hamcrest-core-1.3.jar;"/>
    <property name="java.vm.vendor" value="Oracle Corporation"/>
    <property name="sun.arch.data.model" value="64"/>
    <property name="user.variant" value=""/>
    <property name="java.vendor.url" value="https://java.oracle.com/"/>
    <property name="user.timezone" value="Europe/Warsaw"/>
    <property name="os.name" value="Windows 10"/>
    <property name="java.vm.specification.version" value="17"/>
    <property name="sun.java.launcher" value="SUN_STANDARD"/>
    <property name="user.country" value="PL"/>
    <property name="sun.boot.library.path" value="C:\Program Files\Java\jdk-17\bin"/>
    <property name="sun.java.command" value="C:\Users\barte\AppData\Local\Temp\surefire14933703982166057176\surefirebooter-20231029124846628_3.jar C:\Users\barte\AppData\Local\Temp\surefire14933703982166057176 2023-10-29T12-48-46_549-jvmRun1 surefire-20231029124846628_1tmp surefire_0-20231029124846628_2tmp"/>
    <property name="jdk.debug" value="release"/>
    <property name="surefire.test.class.path" value="C:\dev\Java\Software Engineering Course 2023\Ant\ci-project\Maven\bank-zbozowy-mvn\target\test-classes;C:\dev\Java\Software Engineering Course 2023\Ant\ci-project\Maven\bank-zbozowy-mvn\target\classes;C:\Users\barte\.m2\repository\freemarker\freemarker\2.3.1\freemarker-2.3.1.jar;C:\Users\barte\.m2\repository\javax\servlet\servlet-api\2.5\servlet-api-2.5.jar;C:\Users\barte\.m2\repository\junit\junit\4.12\junit-4.12.jar;C:\Users\barte\.m2\repository\org\hamcrest\hamcrest-core\1.3\hamcrest-core-1.3.jar;"/>
    <property name="sun.cpu.endian" value="little"/>
    <property name="user.home" value="C:\Users\barte"/>
    <property name="user.language" value="pl"/>
    <property name="java.specification.vendor" value="Oracle Corporation"/>
    <property name="java.version.date" value="2023-04-18"/>
    <property name="java.home" value="C:\Program Files\Java\jdk-17"/>
    <property name="file.separator" value="\"/>
    <property name="basedir" value="C:\dev\Java\Software Engineering Course 2023\Ant\ci-project\Maven\bank-zbozowy-mvn"/>
    <property name="java.vm.compressedOopsMode" value="Zero based"/>
    <property name="line.separator" value="&#10;"/>
    <property name="java.vm.specification.vendor" value="Oracle Corporation"/>
    <property name="java.specification.name" value="Java Platform API Specification"/>
    <property name="surefire.real.class.path" value="C:\Users\barte\AppData\Local\Temp\surefire14933703982166057176\surefirebooter-20231029124846628_3.jar"/>
    <property name="user.script" value=""/>
    <property name="sun.management.compiler" value="HotSpot 64-Bit Tiered Compilers"/>
    <property name="java.runtime.version" value="17.0.7+8-LTS-224"/>
    <property name="user.name" value="barte"/>
    <property name="path.separator" value=";"/>
    <property name="os.version" value="10.0"/>
    <property name="java.runtime.name" value="Java(TM) SE Runtime Environment"/>
    <property name="file.encoding" value="Cp1250"/>
    <property name="java.vm.name" value="Java HotSpot(TM) 64-Bit Server VM"/>
    <property name="localRepository" value="C:\Users\barte\.m2\repository"/>
    <property name="java.vendor.url.bug" value="https://bugreport.java.com/bugreport/"/>
    <property name="java.io.tmpdir" value="C:\Users\barte\AppData\Local\Temp\"/>
    <property name="java.version" value="17.0.7"/>
    <property name="user.dir" value="C:\dev\Java\Software Engineering Course 2023\Ant\ci-project\Maven\bank-zbozowy-mvn"/>
    <property name="os.arch" value="amd64"/>
    <property name="java.vm.specification.name" value="Java Virtual Machine Specification"/>
    <property name="sun.os.patch.level" value=""/>
    <property name="native.encoding" value="Cp1250"/>
    <property name="java.library.path" value="C:\Program Files\Java\jdk-17\bin;C:\Windows\Sun\Java\bin;C:\Windows\system32;C:\Windows;C:\Program Files\Common Files\Oracle\Java\javapath;C:\Program Files (x86)\Common Files\Oracle\Java\javapath;C:\Windows\system32;C:\Windows;C:\Windows\System32\Wbem;C:\Windows\System32\WindowsPowerShell\v1.0\;C:\Windows\System32\OpenSSH\;C:\Program Files (x86)\NVIDIA Corporation\PhysX\Common;C:\Program Files\Git\cmd;C:\ProgramData\chocolatey\bin;;C:\Program Files\NVIDIA Corporation\NVIDIA NvDLISR;C:\Program Files\dotnet\;C:\ProgramData\chocolatey\lib\maven\apache-maven-3.9.5\bin;C:\Program Files\MySQL\MySQL Shell 8.0\bin\;C:\python3\Scripts\;C:\python3\;C:\Users\barte\AppData\Local\Programs\Python\Launcher\;C:\Users\barte\AppData\Local\Microsoft\WindowsApps;C:\Users\barte\AppData\Local\Programs\MiKTeX\miktex\bin\x64\;C:\Users\barte\AppData\Local\Programs\Microsoft VS Code\bin;C:\msys64\mingw64\bin;C:\Program Files (x86)\Nmap;C:\Users\barte\.dotnet\tools;."/>
    <property name="java.vm.info" value="mixed mode, sharing"/>
    <property name="java.vendor" value="Oracle Corporation"/>
    <property name="java.vm.version" value="17.0.7+8-LTS-224"/>
    <property name="sun.io.unicode.encoding" value="UnicodeLittle"/>
    <property name="java.class.version" value="61.0"/>
  </properties>
  <testcase name="testTryPinIncorrect" classname="put.io.selenium.atm.AtmCardInfoTest" time="0.002"/>
  <testcase name="testTryPinCorrect" classname="put.io.selenium.atm.AtmCardInfoTest" time="0.0"/>
  <testcase name="testTryWithdraw" classname="put.io.selenium.atm.AtmCardInfoTest" time="0.0"/>
  <testcase name="testTryPinCardLocked" classname="put.io.selenium.atm.AtmCardInfoTest" time="0.0"/>
  <testcase name="testCardOut" classname="put.io.selenium.atm.AtmCardInfoTest" time="0.0"/>
  <testcase name="testCardIn" classname="put.io.selenium.atm.AtmCardInfoTest" time="0.0"/>
</testsuite>